This file contains any messages produced by compilers while
running configure, to aid debugging if configure makes a mistake.

It was created by xclipboard configure 1.1.1, which was
generated by GNU Autoconf 2.68.  Invocation command line was

  $ ./configure 

## --------- ##
## Platform. ##
## --------- ##

hostname = ssl-47
uname -m = x86_64
uname -r = 3.13.0-27-generic
uname -s = Linux
uname -v = #50-Ubuntu SMP Thu May 15 18:06:16 UTC 2014

/usr/bin/uname -p = unknown
/bin/uname -X     = unknown

/bin/arch              = unknown
/usr/bin/arch -k       = unknown
/usr/convex/getsysinfo = unknown
/usr/bin/hostinfo      = unknown
/bin/machine           = unknown
/usr/bin/oslevel       = unknown
/bin/universe          = unknown

PATH: /usr/local/sbin
PATH: /usr/local/bin
PATH: /usr/sbin
PATH: /usr/bin
PATH: /sbin
PATH: /bin
PATH: /usr/games
PATH: /usr/local/games
PATH: /usr/lib/jvm/java-8-oracle/bin
PATH: /usr/lib/jvm/java-8-oracle/db/bin
PATH: /usr/lib/jvm/java-8-oracle/jre/bin


## ----------- ##
## Core tests. ##
## ----------- ##

configure:2081: checking for a BSD-compatible install
configure:2149: result: /usr/bin/install -c
configure:2160: checking whether build environment is sane
configure:2210: result: yes
configure:2351: checking for a thread-safe mkdir -p
configure:2390: result: /bin/mkdir -p
configure:2403: checking for gawk
configure:2419: found /usr/bin/gawk
configure:2430: result: gawk
configure:2441: checking whether make sets $(MAKE)
configure:2463: result: yes
configure:2544: checking whether to enable maintainer-specific portions of Makefiles
configure:2553: result: no
configure:2591: checking for style of include used by make
configure:2619: result: GNU
configure:2689: checking for gcc
configure:2705: found /usr/bin/gcc
configure:2716: result: gcc
configure:2945: checking for C compiler version
configure:2954: gcc --version >&5
gcc (Ubuntu 4.8.2-19ubuntu1) 4.8.2
Copyright (C) 2013 Free Software Foundation, Inc.
This is free software; see the source for copying conditions.  There is NO
warranty; not even for MERCHANTABILITY or FITNESS FOR A PARTICULAR PURPOSE.

configure:2965: $? = 0
configure:2954: gcc -v >&5
Using built-in specs.
COLLECT_GCC=gcc
COLLECT_LTO_WRAPPER=/usr/lib/gcc/x86_64-linux-gnu/4.8/lto-wrapper
Target: x86_64-linux-gnu
Configured with: ../src/configure -v --with-pkgversion='Ubuntu 4.8.2-19ubuntu1' --with-bugurl=file:///usr/share/doc/gcc-4.8/README.Bugs --enable-languages=c,c++,java,go,d,fortran,objc,obj-c++ --prefix=/usr --program-suffix=-4.8 --enable-shared --enable-linker-build-id --libexecdir=/usr/lib --without-included-gettext --enable-threads=posix --with-gxx-include-dir=/usr/include/c++/4.8 --libdir=/usr/lib --enable-nls --with-sysroot=/ --enable-clocale=gnu --enable-libstdcxx-debug --enable-libstdcxx-time=yes --enable-gnu-unique-object --disable-libmudflap --enable-plugin --with-system-zlib --disable-browser-plugin --enable-java-awt=gtk --enable-gtk-cairo --with-java-home=/usr/lib/jvm/java-1.5.0-gcj-4.8-amd64/jre --enable-java-home --with-jvm-root-dir=/usr/lib/jvm/java-1.5.0-gcj-4.8-amd64 --with-jvm-jar-dir=/usr/lib/jvm-exports/java-1.5.0-gcj-4.8-amd64 --with-arch-directory=amd64 --with-ecj-jar=/usr/share/java/eclipse-ecj.jar --enable-objc-gc --enable-multiarch --disable-werror --with-arch-32=i686 --with-abi=m64 --with-multilib-list=m32,m64,mx32 --with-tune=generic --enable-checking=release --build=x86_64-linux-gnu --host=x86_64-linux-gnu --target=x86_64-linux-gnu
Thread model: posix
gcc version 4.8.2 (Ubuntu 4.8.2-19ubuntu1) 
configure:2965: $? = 0
configure:2954: gcc -V >&5
gcc: error: unrecognized command line option '-V'
gcc: fatal error: no input files
compilation terminated.
configure:2965: $? = 4
configure:2954: gcc -qversion >&5
gcc: error: unrecognized command line option '-qversion'
gcc: fatal error: no input files
compilation terminated.
configure:2965: $? = 4
configure:2985: checking whether the C compiler works
configure:3007: gcc    conftest.c  >&5
configure:3011: $? = 0
configure:3059: result: yes
configure:3062: checking for C compiler default output file name
configure:3064: result: a.out
configure:3070: checking for suffix of executables
configure:3077: gcc -o conftest    conftest.c  >&5
configure:3081: $? = 0
configure:3103: result: 
configure:3125: checking whether we are cross compiling
configure:3133: gcc -o conftest    conftest.c  >&5
configure:3137: $? = 0
configure:3144: ./conftest
configure:3148: $? = 0
configure:3163: result: no
configure:3168: checking for suffix of object files
configure:3190: gcc -c   conftest.c >&5
configure:3194: $? = 0
configure:3215: result: o
configure:3219: checking whether we are using the GNU C compiler
configure:3238: gcc -c   conftest.c >&5
configure:3238: $? = 0
configure:3247: result: yes
configure:3256: checking whether gcc accepts -g
configure:3276: gcc -c -g  conftest.c >&5
configure:3276: $? = 0
configure:3317: result: yes
configure:3334: checking for gcc option to accept ISO C89
configure:3398: gcc  -c -g -O2  conftest.c >&5
configure:3398: $? = 0
configure:3411: result: none needed
configure:3433: checking dependency style of gcc
configure:3543: result: gcc3
configure:3558: checking for gcc option to accept ISO C99
configure:3707: gcc  -c -g -O2  conftest.c >&5
conftest.c:61:29: error: expected ';', ',' or ')' before 'text'
 test_restrict (ccp restrict text)
                             ^
conftest.c: In function 'main':
conftest.c:115:18: error: expected '=', ',', ';', 'asm' or '__attribute__' before 'newvar'
   char *restrict newvar = "Another string";
                  ^
conftest.c:115:18: error: 'newvar' undeclared (first use in this function)
conftest.c:115:18: note: each undeclared identifier is reported only once for each function it appears in
conftest.c:125:3: error: 'for' loop initial declarations are only allowed in C99 mode
   for (int i = 0; i < ia->datasize; ++i)
   ^
conftest.c:125:3: note: use option -std=c99 or -std=gnu99 to compile your code
configure:3707: $? = 1
configure: failed program was:
| /* confdefs.h */
| #define PACKAGE_NAME "xclipboard"
| #define PACKAGE_TARNAME "xclipboard"
| #define PACKAGE_VERSION "1.1.1"
| #define PACKAGE_STRING "xclipboard 1.1.1"
| #define PACKAGE_BUGREPORT "https://bugs.freedesktop.org/enter_bug.cgi?product=xorg"
| #define PACKAGE_URL ""
| #define PACKAGE "xclipboard"
| #define VERSION "1.1.1"
| /* end confdefs.h.  */
| #include <stdarg.h>
| #include <stdbool.h>
| #include <stdlib.h>
| #include <wchar.h>
| #include <stdio.h>
| 
| // Check varargs macros.  These examples are taken from C99 6.10.3.5.
| #define debug(...) fprintf (stderr, __VA_ARGS__)
| #define showlist(...) puts (#__VA_ARGS__)
| #define report(test,...) ((test) ? puts (#test) : printf (__VA_ARGS__))
| static void
| test_varargs_macros (void)
| {
|   int x = 1234;
|   int y = 5678;
|   debug ("Flag");
|   debug ("X = %d\n", x);
|   showlist (The first, second, and third items.);
|   report (x>y, "x is %d but y is %d", x, y);
| }
| 
| // Check long long types.
| #define BIG64 18446744073709551615ull
| #define BIG32 4294967295ul
| #define BIG_OK (BIG64 / BIG32 == 4294967297ull && BIG64 % BIG32 == 0)
| #if !BIG_OK
|   your preprocessor is broken;
| #endif
| #if BIG_OK
| #else
|   your preprocessor is broken;
| #endif
| static long long int bignum = -9223372036854775807LL;
| static unsigned long long int ubignum = BIG64;
| 
| struct incomplete_array
| {
|   int datasize;
|   double data[];
| };
| 
| struct named_init {
|   int number;
|   const wchar_t *name;
|   double average;
| };
| 
| typedef const char *ccp;
| 
| static inline int
| test_restrict (ccp restrict text)
| {
|   // See if C++-style comments work.
|   // Iterate through items via the restricted pointer.
|   // Also check for declarations in for loops.
|   for (unsigned int i = 0; *(text+i) != '\0'; ++i)
|     continue;
|   return 0;
| }
| 
| // Check varargs and va_copy.
| static void
| test_varargs (const char *format, ...)
| {
|   va_list args;
|   va_start (args, format);
|   va_list args_copy;
|   va_copy (args_copy, args);
| 
|   const char *str;
|   int number;
|   float fnumber;
| 
|   while (*format)
|     {
|       switch (*format++)
| 	{
| 	case 's': // string
| 	  str = va_arg (args_copy, const char *);
| 	  break;
| 	case 'd': // int
| 	  number = va_arg (args_copy, int);
| 	  break;
| 	case 'f': // float
| 	  fnumber = va_arg (args_copy, double);
| 	  break;
| 	default:
| 	  break;
| 	}
|     }
|   va_end (args_copy);
|   va_end (args);
| }
| 
| int
| main ()
| {
| 
|   // Check bool.
|   _Bool success = false;
| 
|   // Check restrict.
|   if (test_restrict ("String literal") == 0)
|     success = true;
|   char *restrict newvar = "Another string";
| 
|   // Check varargs.
|   test_varargs ("s, d' f .", "string", 65, 34.234);
|   test_varargs_macros ();
| 
|   // Check flexible array members.
|   struct incomplete_array *ia =
|     malloc (sizeof (struct incomplete_array) + (sizeof (double) * 10));
|   ia->datasize = 10;
|   for (int i = 0; i < ia->datasize; ++i)
|     ia->data[i] = i * 1.234;
| 
|   // Check named initializers.
|   struct named_init ni = {
|     .number = 34,
|     .name = L"Test wide string",
|     .average = 543.34343,
|   };
| 
|   ni.number = 58;
| 
|   int dynamic_array[ni.number];
|   dynamic_array[ni.number - 1] = 543;
| 
|   // work around unused variable warnings
|   return (!success || bignum == 0LL || ubignum == 0uLL || newvar[0] == 'x'
| 	  || dynamic_array[ni.number - 1] != 543);
| 
|   ;
|   return 0;
| }
configure:3707: gcc -std=gnu99 -c -g -O2  conftest.c >&5
configure:3707: $? = 0
configure:3727: result: -std=gnu99
configure:3741: checking how to run the C preprocessor
configure:3772: gcc -std=gnu99 -E  conftest.c
configure:3772: $? = 0
configure:3786: gcc -std=gnu99 -E  conftest.c
conftest.c:11:28: fatal error: ac_nonexistent.h: No such file or directory
 #include <ac_nonexistent.h>
                            ^
compilation terminated.
configure:3786: $? = 1
configure: failed program was:
| /* confdefs.h */
| #define PACKAGE_NAME "xclipboard"
| #define PACKAGE_TARNAME "xclipboard"
| #define PACKAGE_VERSION "1.1.1"
| #define PACKAGE_STRING "xclipboard 1.1.1"
| #define PACKAGE_BUGREPORT "https://bugs.freedesktop.org/enter_bug.cgi?product=xorg"
| #define PACKAGE_URL ""
| #define PACKAGE "xclipboard"
| #define VERSION "1.1.1"
| /* end confdefs.h.  */
| #include <ac_nonexistent.h>
configure:3811: result: gcc -std=gnu99 -E
configure:3831: gcc -std=gnu99 -E  conftest.c
configure:3831: $? = 0
configure:3845: gcc -std=gnu99 -E  conftest.c
conftest.c:11:28: fatal error: ac_nonexistent.h: No such file or directory
 #include <ac_nonexistent.h>
                            ^
compilation terminated.
configure:3845: $? = 1
configure: failed program was:
| /* confdefs.h */
| #define PACKAGE_NAME "xclipboard"
| #define PACKAGE_TARNAME "xclipboard"
| #define PACKAGE_VERSION "1.1.1"
| #define PACKAGE_STRING "xclipboard 1.1.1"
| #define PACKAGE_BUGREPORT "https://bugs.freedesktop.org/enter_bug.cgi?product=xorg"
| #define PACKAGE_URL ""
| #define PACKAGE "xclipboard"
| #define VERSION "1.1.1"
| /* end confdefs.h.  */
| #include <ac_nonexistent.h>
configure:3874: checking for grep that handles long lines and -e
configure:3932: result: /bin/grep
configure:3937: checking for egrep
configure:3999: result: /bin/grep -E
configure:4004: checking for ANSI C header files
configure:4024: gcc -std=gnu99 -c -g -O2  conftest.c >&5
configure:4024: $? = 0
configure:4097: gcc -std=gnu99 -o conftest -g -O2   conftest.c  >&5
configure:4097: $? = 0
configure:4097: ./conftest
configure:4097: $? = 0
configure:4108: result: yes
configure:4121: checking for sys/types.h
configure:4121: gcc -std=gnu99 -c -g -O2  conftest.c >&5
configure:4121: $? = 0
configure:4121: result: yes
configure:4121: checking for sys/stat.h
configure:4121: gcc -std=gnu99 -c -g -O2  conftest.c >&5
configure:4121: $? = 0
configure:4121: result: yes
configure:4121: checking for stdlib.h
configure:4121: gcc -std=gnu99 -c -g -O2  conftest.c >&5
configure:4121: $? = 0
configure:4121: result: yes
configure:4121: checking for string.h
configure:4121: gcc -std=gnu99 -c -g -O2  conftest.c >&5
configure:4121: $? = 0
configure:4121: result: yes
configure:4121: checking for memory.h
configure:4121: gcc -std=gnu99 -c -g -O2  conftest.c >&5
configure:4121: $? = 0
configure:4121: result: yes
configure:4121: checking for strings.h
configure:4121: gcc -std=gnu99 -c -g -O2  conftest.c >&5
configure:4121: $? = 0
configure:4121: result: yes
configure:4121: checking for inttypes.h
configure:4121: gcc -std=gnu99 -c -g -O2  conftest.c >&5
configure:4121: $? = 0
configure:4121: result: yes
configure:4121: checking for stdint.h
configure:4121: gcc -std=gnu99 -c -g -O2  conftest.c >&5
configure:4121: $? = 0
configure:4121: result: yes
configure:4121: checking for unistd.h
configure:4121: gcc -std=gnu99 -c -g -O2  conftest.c >&5
configure:4121: $? = 0
configure:4121: result: yes
configure:4182: checking for pkg-config
configure:4200: found /usr/bin/pkg-config
configure:4212: result: /usr/bin/pkg-config
configure:4237: checking pkg-config is at least version 0.9.0
configure:4240: result: yes
configure:4253: checking build system type
configure:4267: result: x86_64-unknown-linux-gnu
configure:4287: checking host system type
configure:4300: result: x86_64-unknown-linux-gnu
configure:4320: checking for a sed that does not truncate output
configure:4384: result: /bin/sed
configure:4601: $PKG_CONFIG --exists --print-errors "xkbfile"
Package xkbfile was not found in the pkg-config search path.
Perhaps you should add the directory containing `xkbfile.pc'
to the PKG_CONFIG_PATH environment variable
No package 'xkbfile' found
configure:4604: $? = 1
configure:4617: checking for XCLIPBOARD
configure:4624: $PKG_CONFIG --exists --print-errors "xaw7 xmu xt x11 ${XKBPKG}"
configure:4627: $? = 0
configure:4640: $PKG_CONFIG --exists --print-errors "xaw7 xmu xt x11 ${XKBPKG}"
configure:4643: $? = 0
configure:4697: result: yes
configure:4704: checking for APPDEFS
configure:4711: $PKG_CONFIG --exists --print-errors "xt"
configure:4714: $? = 0
configure:4727: $PKG_CONFIG --exists --print-errors "xt"
configure:4730: $? = 0
configure:4784: result: yes
configure:4936: creating ./config.status

## ---------------------- ##
## Running config.status. ##
## ---------------------- ##

This file was extended by xclipboard config.status 1.1.1, which was
generated by GNU Autoconf 2.68.  Invocation command line was

  CONFIG_FILES    = 
  CONFIG_HEADERS  = 
  CONFIG_LINKS    = 
  CONFIG_COMMANDS = 
  $ ./config.status 

on ssl-47

config.status:905: creating Makefile
config.status:905: creating config.h
config.status:1134: executing depfiles commands

## ---------------- ##
## Cache variables. ##
## ---------------- ##

ac_cv_build=x86_64-unknown-linux-gnu
ac_cv_c_compiler_gnu=yes
ac_cv_env_APPDEFS_CFLAGS_set=
ac_cv_env_APPDEFS_CFLAGS_value=
ac_cv_env_APPDEFS_LIBS_set=
ac_cv_env_APPDEFS_LIBS_value=
ac_cv_env_CC_set=
ac_cv_env_CC_value=
ac_cv_env_CFLAGS_set=
ac_cv_env_CFLAGS_value=
ac_cv_env_CPPFLAGS_set=
ac_cv_env_CPPFLAGS_value=
ac_cv_env_CPP_set=
ac_cv_env_CPP_value=
ac_cv_env_LDFLAGS_set=
ac_cv_env_LDFLAGS_value=
ac_cv_env_LIBS_set=
ac_cv_env_LIBS_value=
ac_cv_env_PKG_CONFIG_set=
ac_cv_env_PKG_CONFIG_value=
ac_cv_env_XCLIPBOARD_CFLAGS_set=
ac_cv_env_XCLIPBOARD_CFLAGS_value=
ac_cv_env_XCLIPBOARD_LIBS_set=
ac_cv_env_XCLIPBOARD_LIBS_value=
ac_cv_env_build_alias_set=
ac_cv_env_build_alias_value=
ac_cv_env_host_alias_set=
ac_cv_env_host_alias_value=
ac_cv_env_target_alias_set=
ac_cv_env_target_alias_value=
ac_cv_header_inttypes_h=yes
ac_cv_header_memory_h=yes
ac_cv_header_stdc=yes
ac_cv_header_stdint_h=yes
ac_cv_header_stdlib_h=yes
ac_cv_header_string_h=yes
ac_cv_header_strings_h=yes
ac_cv_header_sys_stat_h=yes
ac_cv_header_sys_types_h=yes
ac_cv_header_unistd_h=yes
ac_cv_host=x86_64-unknown-linux-gnu
ac_cv_objext=o
ac_cv_path_EGREP='/bin/grep -E'
ac_cv_path_GREP=/bin/grep
ac_cv_path_SED=/bin/sed
ac_cv_path_ac_pt_PKG_CONFIG=/usr/bin/pkg-config
ac_cv_path_install='/usr/bin/install -c'
ac_cv_path_mkdir=/bin/mkdir
ac_cv_prog_AWK=gawk
ac_cv_prog_CPP='gcc -std=gnu99 -E'
ac_cv_prog_ac_ct_CC=gcc
ac_cv_prog_cc_c89=
ac_cv_prog_cc_c99=-std=gnu99
ac_cv_prog_cc_g=yes
ac_cv_prog_make_make_set=yes
am_cv_CC_dependencies_compiler_type=gcc3
pkg_cv_APPDEFS_CFLAGS=' '
pkg_cv_APPDEFS_LIBS='-lXt -lX11  '
pkg_cv_XCLIPBOARD_CFLAGS=' '
pkg_cv_XCLIPBOARD_LIBS='-lXaw7 -lXmu -lXt -lX11  '

## ----------------- ##
## Output variables. ##
## ----------------- ##

ACLOCAL='${SHELL} /home/temp/hemant_bcs11/xclipboard-1.1.1/missing --run aclocal-1.11'
ADMIN_MAN_DIR='$(mandir)/man$(ADMIN_MAN_SUFFIX)'
ADMIN_MAN_SUFFIX='8'
AMDEPBACKSLASH='\'
AMDEP_FALSE='#'
AMDEP_TRUE=''
AMTAR='${SHELL} /home/temp/hemant_bcs11/xclipboard-1.1.1/missing --run tar'
AM_BACKSLASH='\'
AM_DEFAULT_VERBOSITY='0'
APPDEFS_CFLAGS=' '
APPDEFS_LIBS='-lXt -lX11  '
APP_MAN_DIR='$(mandir)/man$(APP_MAN_SUFFIX)'
APP_MAN_SUFFIX='1'
AUTOCONF='${SHELL} /home/temp/hemant_bcs11/xclipboard-1.1.1/missing --run autoconf'
AUTOHEADER='${SHELL} /home/temp/hemant_bcs11/xclipboard-1.1.1/missing --run autoheader'
AUTOMAKE='${SHELL} /home/temp/hemant_bcs11/xclipboard-1.1.1/missing --run automake-1.11'
AWK='gawk'
CC='gcc -std=gnu99'
CCDEPMODE='depmode=gcc3'
CFLAGS='-g -O2'
CHANGELOG_CMD='(GIT_DIR=$(top_srcdir)/.git git log > $(top_srcdir)/.changelog.tmp && mv $(top_srcdir)/.changelog.tmp $(top_srcdir)/ChangeLog) || (rm -f $(top_srcdir)/.changelog.tmp; touch $(top_srcdir)/ChangeLog; echo '\''git directory not found: installing possibly empty changelog.'\'' >&2)'
CPP='gcc -std=gnu99 -E'
CPPFLAGS=''
CWARNFLAGS='-Wall -Wpointer-arith -Wstrict-prototypes -Wmissing-prototypes -Wmissing-declarations -Wnested-externs -fno-strict-aliasing -Wbad-function-cast -Wformat=2 -Wold-style-definition -Wdeclaration-after-statement '
CYGPATH_W='echo'
DEFS='-DHAVE_CONFIG_H'
DEPDIR='.deps'
DRIVER_MAN_DIR='$(mandir)/man$(DRIVER_MAN_SUFFIX)'
DRIVER_MAN_SUFFIX='4'
ECHO_C=''
ECHO_N='-n'
ECHO_T=''
EGREP='/bin/grep -E'
EXEEXT=''
FILE_MAN_DIR='$(mandir)/man$(FILE_MAN_SUFFIX)'
FILE_MAN_SUFFIX='5'
GREP='/bin/grep'
INSTALL_CMD='(cp -f /usr/share/util-macros/INSTALL $(top_srcdir)/.INSTALL.tmp && mv $(top_srcdir)/.INSTALL.tmp $(top_srcdir)/INSTALL) || (rm -f $(top_srcdir)/.INSTALL.tmp; touch $(top_srcdir)/INSTALL; echo '\''util-macros "pkgdatadir" from xorg-macros.pc not found: installing possibly empty INSTALL.'\'' >&2)'
INSTALL_DATA='${INSTALL} -m 644'
INSTALL_PROGRAM='${INSTALL}'
INSTALL_SCRIPT='${INSTALL}'
INSTALL_STRIP_PROGRAM='$(install_sh) -c -s'
LDFLAGS=''
LIBOBJS=''
LIBS=''
LIB_MAN_DIR='$(mandir)/man$(LIB_MAN_SUFFIX)'
LIB_MAN_SUFFIX='3'
LTLIBOBJS=''
MAINT='#'
MAINTAINER_MODE_FALSE=''
MAINTAINER_MODE_TRUE='#'
MAKEINFO='${SHELL} /home/temp/hemant_bcs11/xclipboard-1.1.1/missing --run makeinfo'
MAN_SUBSTS='	-e '\''s|__vendorversion__|"$(PACKAGE_STRING)" "$(XORG_MAN_PAGE)"|'\'' 	-e '\''s|__xorgversion__|"$(PACKAGE_STRING)" "$(XORG_MAN_PAGE)"|'\'' 	-e '\''s|__xservername__|Xorg|g'\'' 	-e '\''s|__xconfigfile__|xorg.conf|g'\'' 	-e '\''s|__projectroot__|$(prefix)|g'\'' 	-e '\''s|__apploaddir__|$(appdefaultdir)|g'\'' 	-e '\''s|__appmansuffix__|$(APP_MAN_SUFFIX)|g'\'' 	-e '\''s|__drivermansuffix__|$(DRIVER_MAN_SUFFIX)|g'\'' 	-e '\''s|__adminmansuffix__|$(ADMIN_MAN_SUFFIX)|g'\'' 	-e '\''s|__libmansuffix__|$(LIB_MAN_SUFFIX)|g'\'' 	-e '\''s|__miscmansuffix__|$(MISC_MAN_SUFFIX)|g'\'' 	-e '\''s|__filemansuffix__|$(FILE_MAN_SUFFIX)|g'\'''
MISC_MAN_DIR='$(mandir)/man$(MISC_MAN_SUFFIX)'
MISC_MAN_SUFFIX='7'
MKDIR_P='/bin/mkdir -p'
OBJEXT='o'
PACKAGE='xclipboard'
PACKAGE_BUGREPORT='https://bugs.freedesktop.org/enter_bug.cgi?product=xorg'
PACKAGE_NAME='xclipboard'
PACKAGE_STRING='xclipboard 1.1.1'
PACKAGE_TARNAME='xclipboard'
PACKAGE_URL=''
PACKAGE_VERSION='1.1.1'
PATH_SEPARATOR=':'
PKG_CONFIG='/usr/bin/pkg-config'
SED='/bin/sed'
SET_MAKE=''
SHELL='/bin/bash'
STRIP=''
VERSION='1.1.1'
XCLIPBOARD_CFLAGS=' '
XCLIPBOARD_LIBS='-lXaw7 -lXmu -lXt -lX11  '
XORG_MAN_PAGE='X Version 11'
ac_ct_CC='gcc'
am__EXEEXT_FALSE=''
am__EXEEXT_TRUE='#'
am__fastdepCC_FALSE='#'
am__fastdepCC_TRUE=''
am__include='include'
am__isrc=''
am__leading_dot='.'
am__quote=''
am__tar='${AMTAR} chof - "$$tardir"'
am__untar='${AMTAR} xf -'
appdefaultdir='/etc/X11/app-defaults'
bindir='${exec_prefix}/bin'
build='x86_64-unknown-linux-gnu'
build_alias=''
build_cpu='x86_64'
build_os='linux-gnu'
build_vendor='unknown'
datadir='${datarootdir}'
datarootdir='${prefix}/share'
docdir='${datarootdir}/doc/${PACKAGE_TARNAME}'
dvidir='${docdir}'
exec_prefix='${prefix}'
host='x86_64-unknown-linux-gnu'
host_alias=''
host_cpu='x86_64'
host_os='linux-gnu'
host_vendor='unknown'
htmldir='${docdir}'
includedir='${prefix}/include'
infodir='${datarootdir}/info'
install_sh='${SHELL} /home/temp/hemant_bcs11/xclipboard-1.1.1/install-sh'
libdir='${exec_prefix}/lib'
libexecdir='${exec_prefix}/libexec'
localedir='${datarootdir}/locale'
localstatedir='${prefix}/var'
mandir='${datarootdir}/man'
mkdir_p='/bin/mkdir -p'
oldincludedir='/usr/include'
pdfdir='${docdir}'
prefix='/usr/local'
program_transform_name='s,x,x,'
psdir='${docdir}'
sbindir='${exec_prefix}/sbin'
sharedstatedir='${prefix}/com'
sysconfdir='${prefix}/etc'
target_alias=''

## ----------- ##
## confdefs.h. ##
## ----------- ##

/* confdefs.h */
#define PACKAGE_NAME "xclipboard"
#define PACKAGE_TARNAME "xclipboard"
#define PACKAGE_VERSION "1.1.1"
#define PACKAGE_STRING "xclipboard 1.1.1"
#define PACKAGE_BUGREPORT "https://bugs.freedesktop.org/enter_bug.cgi?product=xorg"
#define PACKAGE_URL ""
#define PACKAGE "xclipboard"
#define VERSION "1.1.1"
#define STDC_HEADERS 1
#define HAVE_SYS_TYPES_H 1
#define HAVE_SYS_STAT_H 1
#define HAVE_STDLIB_H 1
#define HAVE_STRING_H 1
#define HAVE_MEMORY_H 1
#define HAVE_STRINGS_H 1
#define HAVE_INTTYPES_H 1
#define HAVE_STDINT_H 1
#define HAVE_UNISTD_H 1
#define PACKAGE_VERSION_MAJOR 1
#define PACKAGE_VERSION_MINOR 1
#define PACKAGE_VERSION_PATCHLEVEL 1

configure: exit 0
